2025-03-07 00:04:35 INFO  UserTests:47 - ***********Creating User*********************
2025-03-07 00:04:38 INFO  UserTests:51 - **********User Created*********************
2025-03-07 00:04:38 INFO  UserTests:57 - **********Reading User*********************
2025-03-07 00:04:40 INFO  UserTests:61 - **********User info is diplayed*********************
2025-03-07 00:04:40 INFO  UserTests:68 - **********Updating User*********************
2025-03-07 00:04:44 INFO  UserTests:82 - **********User Updated*********************
2025-03-07 00:04:44 INFO  UserTests:90 - ********** deleting User*********************
2025-03-07 00:04:46 INFO  UserTests:94 - **********  User deleted*********************
2025-03-07 11:31:02 INFO  UserTests:47 - ***********Creating User*********************
2025-03-07 11:31:05 INFO  UserTests:51 - **********User Created*********************
2025-03-07 11:31:05 INFO  UserTests:57 - **********Reading User*********************
2025-03-07 11:31:06 INFO  UserTests:68 - **********Updating User*********************
2025-03-07 11:31:09 INFO  UserTests:82 - **********User Updated*********************
2025-03-07 11:31:09 INFO  UserTests:90 - ********** deleting User*********************
2025-03-07 11:31:10 INFO  UserTests:94 - **********  User deleted*********************
2025-03-07 11:32:27 INFO  UserTests:47 - ***********Creating User*********************
2025-03-07 11:32:29 INFO  UserTests:51 - **********User Created*********************
2025-03-07 11:32:29 INFO  UserTests:57 - **********Reading User*********************
2025-03-07 11:32:31 INFO  UserTests:68 - **********Updating User*********************
2025-03-07 11:32:33 INFO  UserTests:82 - **********User Updated*********************
2025-03-07 11:32:33 INFO  UserTests:90 - ********** deleting User*********************
2025-03-07 11:33:06 INFO  UserTests:47 - ***********Creating User*********************
2025-03-07 11:33:09 INFO  UserTests:51 - **********User Created*********************
2025-03-07 11:33:09 INFO  UserTests:57 - **********Reading User*********************
2025-03-07 11:33:10 INFO  UserTests:61 - **********User info is diplayed*********************
2025-03-07 11:33:10 INFO  UserTests:68 - **********Updating User*********************
2025-03-07 11:33:13 INFO  UserTests:82 - **********User Updated*********************
2025-03-07 11:33:13 INFO  UserTests:90 - ********** deleting User*********************
2025-03-07 11:33:14 INFO  UserTests:94 - **********  User deleted*********************
2025-03-07 11:33:30 INFO  UserTests:47 - ***********Creating User*********************
2025-03-07 11:33:33 INFO  UserTests:51 - **********User Created*********************
2025-03-07 11:33:33 INFO  UserTests:57 - **********Reading User*********************
2025-03-07 11:33:34 INFO  UserTests:61 - **********User info is diplayed*********************
2025-03-07 11:33:34 INFO  UserTests:68 - **********Updating User*********************
2025-03-07 11:33:37 INFO  UserTests:82 - **********User Updated*********************
2025-03-07 11:33:37 INFO  UserTests:90 - ********** deleting User*********************
2025-03-07 11:33:38 INFO  UserTests:94 - **********  User deleted*********************
